


ARM Macro Assembler    Page 1 


    1 00000000         ;*******************************************************
                       *************************
    2 00000000         ;* File Name          : startup_stm32f373xc.s
    3 00000000         ;* Author             : MCD Application Team
    4 00000000         ;* Description        : STM32F373xB/xC devices vector ta
                       ble for MDK-ARM toolchain.
    5 00000000         ;*                      This module performs:
    6 00000000         ;*                      - Set the initial SP
    7 00000000         ;*                      - Set the initial PC == Reset_Ha
                       ndler
    8 00000000         ;*                      - Set the vector table entries w
                       ith the exceptions ISR address
    9 00000000         ;*                      - Branches to __main in the C li
                       brary (which eventually
   10 00000000         ;*                        calls main()).
   11 00000000         ;*                      After Reset the CortexM4 process
                       or is in Thread mode,
   12 00000000         ;*                      priority is Privileged, and the 
                       Stack is set to Main.
   13 00000000         ;*
   14 00000000         ;*******************************************************
                       ***********************
   15 00000000         ;* @attention
   16 00000000         ;*
   17 00000000         ;* Copyright (c) 2016 STMicroelectronics.
   18 00000000         ;* All rights reserved.
   19 00000000         ;*
   20 00000000         ;* This software is licensed under terms that can be fou
                       nd in the LICENSE file
   21 00000000         ;* in the root directory of this software component.
   22 00000000         ;* If no LICENSE file comes with this software, it is pr
                       ovided AS-IS.
   23 00000000         ;*
   24 00000000         ;*******************************************************
                       ************************
   25 00000000         
   26 00000000         ; Amount of memory (in bytes) allocated for Stack
   27 00000000         ; Tailor this value to your application needs
   28 00000000         ; <h> Stack Configuration
   29 00000000         ;   <o> Stack Size (in Bytes) <0x0-0xFFFFFFFF:8>
   30 00000000         ; </h>
   31 00000000         
   32 00000000 00001000 
                       Stack_Size
                               EQU              0x1000
   33 00000000         
   34 00000000                 AREA             STACK, NOINIT, READWRITE, ALIGN
=3
   35 00000000         Stack_Mem
                               SPACE            Stack_Size
   36 00001000         __initial_sp
   37 00001000         
   38 00001000         
   39 00001000         ; <h> Heap Configuration
   40 00001000         ;   <o>  Heap Size (in Bytes) <0x0-0xFFFFFFFF:8>
   41 00001000         ; </h>
   42 00001000         
   43 00001000 00000200 
                       Heap_Size



ARM Macro Assembler    Page 2 


                               EQU              0x200
   44 00001000         
   45 00001000                 AREA             HEAP, NOINIT, READWRITE, ALIGN=
3
   46 00000000         __heap_base
   47 00000000         Heap_Mem
                               SPACE            Heap_Size
   48 00000200         __heap_limit
   49 00000200         
   50 00000200                 PRESERVE8
   51 00000200                 THUMB
   52 00000200         
   53 00000200         
   54 00000200         ; Vector Table Mapped to Address 0 at Reset
   55 00000200                 AREA             RESET, DATA, READONLY
   56 00000000                 EXPORT           __Vectors
   57 00000000                 EXPORT           __Vectors_End
   58 00000000                 EXPORT           __Vectors_Size
   59 00000000         
   60 00000000 00000000 
                       __Vectors
                               DCD              __initial_sp ; Top of Stack
   61 00000004 00000000        DCD              Reset_Handler ; Reset Handler
   62 00000008 00000000        DCD              NMI_Handler ; NMI Handler
   63 0000000C 00000000        DCD              HardFault_Handler ; Hard Fault 
                                                            Handler
   64 00000010 00000000        DCD              MemManage_Handler 
                                                            ; MPU Fault Handler
                                                            
   65 00000014 00000000        DCD              BusFault_Handler 
                                                            ; Bus Fault Handler
                                                            
   66 00000018 00000000        DCD              UsageFault_Handler ; Usage Faul
                                                            t Handler
   67 0000001C 00000000        DCD              0           ; Reserved
   68 00000020 00000000        DCD              0           ; Reserved
   69 00000024 00000000        DCD              0           ; Reserved
   70 00000028 00000000        DCD              0           ; Reserved
   71 0000002C 00000000        DCD              SVC_Handler ; SVCall Handler
   72 00000030 00000000        DCD              DebugMon_Handler ; Debug Monito
                                                            r Handler
   73 00000034 00000000        DCD              0           ; Reserved
   74 00000038 00000000        DCD              PendSV_Handler ; PendSV Handler
                                                            
   75 0000003C 00000000        DCD              SysTick_Handler 
                                                            ; SysTick Handler
   76 00000040         
   77 00000040         ; External Interrupts
   78 00000040 00000000        DCD              WWDG_IRQHandler 
                                                            ; Window WatchDog
   79 00000044 00000000        DCD              PVD_IRQHandler ; PVD through EX
                                                            TI Line detection
   80 00000048 00000000        DCD              TAMP_STAMP_IRQHandler ; Tamper 
                                                            and TimeStamps thro
                                                            ugh the EXTI line
   81 0000004C 00000000        DCD              RTC_WKUP_IRQHandler ; RTC Wakeu
                                                            p through the EXTI 
                                                            line
   82 00000050 00000000        DCD              FLASH_IRQHandler ; FLASH



ARM Macro Assembler    Page 3 


   83 00000054 00000000        DCD              RCC_IRQHandler ; RCC
   84 00000058 00000000        DCD              EXTI0_IRQHandler ; EXTI Line0
   85 0000005C 00000000        DCD              EXTI1_IRQHandler ; EXTI Line1
   86 00000060 00000000        DCD              EXTI2_TSC_IRQHandler ; EXTI Lin
                                                            e2 and Touch Sense 
                                                            controller
   87 00000064 00000000        DCD              EXTI3_IRQHandler ; EXTI Line3
   88 00000068 00000000        DCD              EXTI4_IRQHandler ; EXTI Line4
   89 0000006C 00000000        DCD              DMA1_Channel1_IRQHandler 
                                                            ; DMA1 Channel 1
   90 00000070 00000000        DCD              DMA1_Channel2_IRQHandler 
                                                            ; DMA1 Channel 2
   91 00000074 00000000        DCD              DMA1_Channel3_IRQHandler 
                                                            ; DMA1 Channel 3
   92 00000078 00000000        DCD              DMA1_Channel4_IRQHandler 
                                                            ; DMA1 Channel 4
   93 0000007C 00000000        DCD              DMA1_Channel5_IRQHandler 
                                                            ; DMA1 Channel 5
   94 00000080 00000000        DCD              DMA1_Channel6_IRQHandler 
                                                            ; DMA1 Channel 6
   95 00000084 00000000        DCD              DMA1_Channel7_IRQHandler 
                                                            ; DMA1 Channel 7
   96 00000088 00000000        DCD              ADC1_IRQHandler ; ADC1
   97 0000008C 00000000        DCD              CAN_TX_IRQHandler ; CAN TX
   98 00000090 00000000        DCD              CAN_RX0_IRQHandler ; CAN RX0
   99 00000094 00000000        DCD              CAN_RX1_IRQHandler ; CAN RX1
  100 00000098 00000000        DCD              CAN_SCE_IRQHandler ; CAN SCE
  101 0000009C 00000000        DCD              EXTI9_5_IRQHandler ; External L
                                                            ine[9:5]s
  102 000000A0 00000000        DCD              TIM15_IRQHandler ; TIM15
  103 000000A4 00000000        DCD              TIM16_IRQHandler ; TIM16
  104 000000A8 00000000        DCD              TIM17_IRQHandler ; TIM17
  105 000000AC 00000000        DCD              TIM18_DAC2_IRQHandler 
                                                            ; TIM18 and DAC2
  106 000000B0 00000000        DCD              TIM2_IRQHandler ; TIM2
  107 000000B4 00000000        DCD              TIM3_IRQHandler ; TIM3
  108 000000B8 00000000        DCD              TIM4_IRQHandler ; TIM4
  109 000000BC 00000000        DCD              I2C1_EV_IRQHandler ; I2C1 Event
                                                            
  110 000000C0 00000000        DCD              I2C1_ER_IRQHandler ; I2C1 Error
                                                            
  111 000000C4 00000000        DCD              I2C2_EV_IRQHandler ; I2C2 Event
                                                            
  112 000000C8 00000000        DCD              I2C2_ER_IRQHandler ; I2C2 Error
                                                            
  113 000000CC 00000000        DCD              SPI1_IRQHandler ; SPI1
  114 000000D0 00000000        DCD              SPI2_IRQHandler ; SPI2
  115 000000D4 00000000        DCD              USART1_IRQHandler ; USART1
  116 000000D8 00000000        DCD              USART2_IRQHandler ; USART2
  117 000000DC 00000000        DCD              USART3_IRQHandler ; USART3
  118 000000E0 00000000        DCD              EXTI15_10_IRQHandler ; External
                                                             Line[15:10]s
  119 000000E4 00000000        DCD              RTC_Alarm_IRQHandler ; RTC Alar
                                                            m (A and B) through
                                                             EXTI Line
  120 000000E8 00000000        DCD              CEC_IRQHandler ; CEC
  121 000000EC 00000000        DCD              TIM12_IRQHandler ; TIM12
  122 000000F0 00000000        DCD              TIM13_IRQHandler ; TIM13
  123 000000F4 00000000        DCD              TIM14_IRQHandler ; TIM14



ARM Macro Assembler    Page 4 


  124 000000F8 00000000        DCD              0           ; Reserved
  125 000000FC 00000000        DCD              0           ; Reserved
  126 00000100 00000000        DCD              0           ; Reserved
  127 00000104 00000000        DCD              0           ; Reserved
  128 00000108 00000000        DCD              TIM5_IRQHandler ; TIM5
  129 0000010C 00000000        DCD              SPI3_IRQHandler ; SPI3
  130 00000110 00000000        DCD              0           ; Reserved
  131 00000114 00000000        DCD              0           ; Reserved
  132 00000118 00000000        DCD              TIM6_DAC1_IRQHandler ; TIM6 and
                                                             DAC1 Channel1 & ch
                                                            annel2
  133 0000011C 00000000        DCD              TIM7_IRQHandler ; TIM7
  134 00000120 00000000        DCD              DMA2_Channel1_IRQHandler 
                                                            ; DMA2 Channel 1
  135 00000124 00000000        DCD              DMA2_Channel2_IRQHandler 
                                                            ; DMA2 Channel 2
  136 00000128 00000000        DCD              DMA2_Channel3_IRQHandler 
                                                            ; DMA2 Channel 3
  137 0000012C 00000000        DCD              DMA2_Channel4_IRQHandler 
                                                            ; DMA2 Channel 4
  138 00000130 00000000        DCD              DMA2_Channel5_IRQHandler 
                                                            ; DMA2 Channel 5
  139 00000134 00000000        DCD              SDADC1_IRQHandler ; SDADC1
  140 00000138 00000000        DCD              SDADC2_IRQHandler ; SDADC2
  141 0000013C 00000000        DCD              SDADC3_IRQHandler ; SDADC3
  142 00000140 00000000        DCD              COMP_IRQHandler ; COMP1 and COM
                                                            P2 global Interrupt
                                                            
  143 00000144 00000000        DCD              0           ; Reserved
  144 00000148 00000000        DCD              0           ; Reserved
  145 0000014C 00000000        DCD              0           ; Reserved
  146 00000150 00000000        DCD              0           ; Reserved
  147 00000154 00000000        DCD              0           ; Reserved
  148 00000158 00000000        DCD              0           ; Reserved
  149 0000015C 00000000        DCD              0           ; Reserved
  150 00000160 00000000        DCD              0           ; Reserved
  151 00000164 00000000        DCD              0           ; Reserved
  152 00000168 00000000        DCD              USB_HP_IRQHandler 
                                                            ; USB High Priority
                                                            
  153 0000016C 00000000        DCD              USB_LP_IRQHandler 
                                                            ; USB Low Priority
  154 00000170 00000000        DCD              USBWakeUp_IRQHandler 
                                                            ; USB Wakeup
  155 00000174 00000000        DCD              0           ; Reserved
  156 00000178 00000000        DCD              TIM19_IRQHandler ; TIM19
  157 0000017C 00000000        DCD              0           ; Reserved
  158 00000180 00000000        DCD              0           ; Reserved
  159 00000184 00000000        DCD              FPU_IRQHandler ; FPU
  160 00000188         __Vectors_End
  161 00000188         
  162 00000188 00000188 
                       __Vectors_Size
                               EQU              __Vectors_End - __Vectors
  163 00000188         
  164 00000188                 AREA             |.text|, CODE, READONLY
  165 00000000         
  166 00000000         ; Reset handler
  167 00000000         Reset_Handler



ARM Macro Assembler    Page 5 


                               PROC
  168 00000000                 EXPORT           Reset_Handler             [WEAK
]
  169 00000000                 IMPORT           SystemInit
  170 00000000                 IMPORT           __main
  171 00000000         
  172 00000000 4809            LDR              R0, =SystemInit
  173 00000002 4780            BLX              R0
  174 00000004 4809            LDR              R0, =__main
  175 00000006 4700            BX               R0
  176 00000008                 ENDP
  177 00000008         
  178 00000008         ; Dummy Exception Handlers (infinite loops which can be 
                       modified)
  179 00000008         
  180 00000008         NMI_Handler
                               PROC
  181 00000008                 EXPORT           NMI_Handler                [WEA
K]
  182 00000008 E7FE            B                .
  183 0000000A                 ENDP
  185 0000000A         HardFault_Handler
                               PROC
  186 0000000A                 EXPORT           HardFault_Handler          [WEA
K]
  187 0000000A E7FE            B                .
  188 0000000C                 ENDP
  190 0000000C         MemManage_Handler
                               PROC
  191 0000000C                 EXPORT           MemManage_Handler          [WEA
K]
  192 0000000C E7FE            B                .
  193 0000000E                 ENDP
  195 0000000E         BusFault_Handler
                               PROC
  196 0000000E                 EXPORT           BusFault_Handler           [WEA
K]
  197 0000000E E7FE            B                .
  198 00000010                 ENDP
  200 00000010         UsageFault_Handler
                               PROC
  201 00000010                 EXPORT           UsageFault_Handler         [WEA
K]
  202 00000010 E7FE            B                .
  203 00000012                 ENDP
  204 00000012         SVC_Handler
                               PROC
  205 00000012                 EXPORT           SVC_Handler                [WEA
K]
  206 00000012 E7FE            B                .
  207 00000014                 ENDP
  209 00000014         DebugMon_Handler
                               PROC
  210 00000014                 EXPORT           DebugMon_Handler           [WEA
K]
  211 00000014 E7FE            B                .
  212 00000016                 ENDP
  213 00000016         PendSV_Handler
                               PROC



ARM Macro Assembler    Page 6 


  214 00000016                 EXPORT           PendSV_Handler             [WEA
K]
  215 00000016 E7FE            B                .
  216 00000018                 ENDP
  217 00000018         SysTick_Handler
                               PROC
  218 00000018                 EXPORT           SysTick_Handler            [WEA
K]
  219 00000018 E7FE            B                .
  220 0000001A                 ENDP
  221 0000001A         
  222 0000001A         Default_Handler
                               PROC
  223 0000001A         
  224 0000001A                 EXPORT           WWDG_IRQHandler                
   [WEAK]
  225 0000001A                 EXPORT           PVD_IRQHandler                 
   [WEAK]
  226 0000001A                 EXPORT           TAMP_STAMP_IRQHandler          
   [WEAK]
  227 0000001A                 EXPORT           RTC_WKUP_IRQHandler            
   [WEAK]
  228 0000001A                 EXPORT           FLASH_IRQHandler               
   [WEAK]
  229 0000001A                 EXPORT           RCC_IRQHandler                 
   [WEAK]
  230 0000001A                 EXPORT           EXTI0_IRQHandler               
   [WEAK]
  231 0000001A                 EXPORT           EXTI1_IRQHandler               
   [WEAK]
  232 0000001A                 EXPORT           EXTI2_TSC_IRQHandler           
   [WEAK]
  233 0000001A                 EXPORT           EXTI3_IRQHandler               
   [WEAK]
  234 0000001A                 EXPORT           EXTI4_IRQHandler               
   [WEAK]
  235 0000001A                 EXPORT           DMA1_Channel1_IRQHandler       
   [WEAK]
  236 0000001A                 EXPORT           DMA1_Channel2_IRQHandler       
   [WEAK]
  237 0000001A                 EXPORT           DMA1_Channel3_IRQHandler       
   [WEAK]
  238 0000001A                 EXPORT           DMA1_Channel4_IRQHandler       
   [WEAK]
  239 0000001A                 EXPORT           DMA1_Channel5_IRQHandler       
   [WEAK]
  240 0000001A                 EXPORT           DMA1_Channel6_IRQHandler       
   [WEAK]
  241 0000001A                 EXPORT           DMA1_Channel7_IRQHandler       
   [WEAK]
  242 0000001A                 EXPORT           ADC1_IRQHandler                
   [WEAK]
  243 0000001A                 EXPORT           CAN_TX_IRQHandler              
   [WEAK]
  244 0000001A                 EXPORT           CAN_RX0_IRQHandler             
   [WEAK]
  245 0000001A                 EXPORT           CAN_RX1_IRQHandler             
   [WEAK]
  246 0000001A                 EXPORT           CAN_SCE_IRQHandler             



ARM Macro Assembler    Page 7 


   [WEAK]
  247 0000001A                 EXPORT           EXTI9_5_IRQHandler             
   [WEAK]
  248 0000001A                 EXPORT           TIM15_IRQHandler               
   [WEAK]
  249 0000001A                 EXPORT           TIM16_IRQHandler               
   [WEAK]
  250 0000001A                 EXPORT           TIM17_IRQHandler               
   [WEAK]
  251 0000001A                 EXPORT           TIM18_DAC2_IRQHandler          
   [WEAK]
  252 0000001A                 EXPORT           TIM2_IRQHandler                
   [WEAK]
  253 0000001A                 EXPORT           TIM3_IRQHandler                
   [WEAK]
  254 0000001A                 EXPORT           TIM4_IRQHandler                
   [WEAK]
  255 0000001A                 EXPORT           I2C1_EV_IRQHandler             
   [WEAK]
  256 0000001A                 EXPORT           I2C1_ER_IRQHandler             
   [WEAK]
  257 0000001A                 EXPORT           I2C2_EV_IRQHandler             
   [WEAK]
  258 0000001A                 EXPORT           I2C2_ER_IRQHandler             
   [WEAK]
  259 0000001A                 EXPORT           SPI1_IRQHandler                
   [WEAK]
  260 0000001A                 EXPORT           SPI2_IRQHandler                
   [WEAK]
  261 0000001A                 EXPORT           USART1_IRQHandler              
   [WEAK]
  262 0000001A                 EXPORT           USART2_IRQHandler              
   [WEAK]
  263 0000001A                 EXPORT           USART3_IRQHandler              
   [WEAK]
  264 0000001A                 EXPORT           EXTI15_10_IRQHandler           
   [WEAK]
  265 0000001A                 EXPORT           RTC_Alarm_IRQHandler           
   [WEAK]
  266 0000001A                 EXPORT           CEC_IRQHandler                 
   [WEAK]
  267 0000001A                 EXPORT           TIM12_IRQHandler               
   [WEAK]
  268 0000001A                 EXPORT           TIM13_IRQHandler               
   [WEAK]
  269 0000001A                 EXPORT           TIM14_IRQHandler               
   [WEAK]
  270 0000001A                 EXPORT           TIM5_IRQHandler                
   [WEAK]
  271 0000001A                 EXPORT           SPI3_IRQHandler                
   [WEAK]
  272 0000001A                 EXPORT           TIM6_DAC1_IRQHandler           
   [WEAK]
  273 0000001A                 EXPORT           TIM7_IRQHandler                
   [WEAK]
  274 0000001A                 EXPORT           DMA2_Channel1_IRQHandler       
   [WEAK]
  275 0000001A                 EXPORT           DMA2_Channel2_IRQHandler       
   [WEAK]



ARM Macro Assembler    Page 8 


  276 0000001A                 EXPORT           DMA2_Channel3_IRQHandler       
   [WEAK]
  277 0000001A                 EXPORT           DMA2_Channel4_IRQHandler       
   [WEAK]
  278 0000001A                 EXPORT           DMA2_Channel5_IRQHandler       
   [WEAK]
  279 0000001A                 EXPORT           SDADC1_IRQHandler              
   [WEAK]
  280 0000001A                 EXPORT           SDADC2_IRQHandler              
   [WEAK]
  281 0000001A                 EXPORT           SDADC3_IRQHandler              
   [WEAK]
  282 0000001A                 EXPORT           COMP_IRQHandler                
   [WEAK]
  283 0000001A                 EXPORT           USB_HP_IRQHandler              
   [WEAK]
  284 0000001A                 EXPORT           USB_LP_IRQHandler              
   [WEAK]
  285 0000001A                 EXPORT           USBWakeUp_IRQHandler           
   [WEAK]
  286 0000001A                 EXPORT           TIM19_IRQHandler               
   [WEAK]
  287 0000001A                 EXPORT           FPU_IRQHandler                 
   [WEAK]
  288 0000001A         
  289 0000001A         
  290 0000001A         WWDG_IRQHandler
  291 0000001A         PVD_IRQHandler
  292 0000001A         TAMP_STAMP_IRQHandler
  293 0000001A         RTC_WKUP_IRQHandler
  294 0000001A         FLASH_IRQHandler
  295 0000001A         RCC_IRQHandler
  296 0000001A         EXTI0_IRQHandler
  297 0000001A         EXTI1_IRQHandler
  298 0000001A         EXTI2_TSC_IRQHandler
  299 0000001A         EXTI3_IRQHandler
  300 0000001A         EXTI4_IRQHandler
  301 0000001A         DMA1_Channel1_IRQHandler
  302 0000001A         DMA1_Channel2_IRQHandler
  303 0000001A         DMA1_Channel3_IRQHandler
  304 0000001A         DMA1_Channel4_IRQHandler
  305 0000001A         DMA1_Channel5_IRQHandler
  306 0000001A         DMA1_Channel6_IRQHandler
  307 0000001A         DMA1_Channel7_IRQHandler
  308 0000001A         ADC1_IRQHandler
  309 0000001A         CAN_TX_IRQHandler
  310 0000001A         CAN_RX0_IRQHandler
  311 0000001A         CAN_RX1_IRQHandler
  312 0000001A         CAN_SCE_IRQHandler
  313 0000001A         EXTI9_5_IRQHandler
  314 0000001A         TIM15_IRQHandler
  315 0000001A         TIM16_IRQHandler
  316 0000001A         TIM17_IRQHandler
  317 0000001A         TIM18_DAC2_IRQHandler
  318 0000001A         TIM2_IRQHandler
  319 0000001A         TIM3_IRQHandler
  320 0000001A         TIM4_IRQHandler
  321 0000001A         I2C1_EV_IRQHandler
  322 0000001A         I2C1_ER_IRQHandler



ARM Macro Assembler    Page 9 


  323 0000001A         I2C2_EV_IRQHandler
  324 0000001A         I2C2_ER_IRQHandler
  325 0000001A         SPI1_IRQHandler
  326 0000001A         SPI2_IRQHandler
  327 0000001A         USART1_IRQHandler
  328 0000001A         USART2_IRQHandler
  329 0000001A         USART3_IRQHandler
  330 0000001A         EXTI15_10_IRQHandler
  331 0000001A         RTC_Alarm_IRQHandler
  332 0000001A         CEC_IRQHandler
  333 0000001A         TIM12_IRQHandler
  334 0000001A         TIM13_IRQHandler
  335 0000001A         TIM14_IRQHandler
  336 0000001A         TIM5_IRQHandler
  337 0000001A         SPI3_IRQHandler
  338 0000001A         TIM6_DAC1_IRQHandler
  339 0000001A         TIM7_IRQHandler
  340 0000001A         DMA2_Channel1_IRQHandler
  341 0000001A         DMA2_Channel2_IRQHandler
  342 0000001A         DMA2_Channel3_IRQHandler
  343 0000001A         DMA2_Channel4_IRQHandler
  344 0000001A         DMA2_Channel5_IRQHandler
  345 0000001A         SDADC1_IRQHandler
  346 0000001A         SDADC2_IRQHandler
  347 0000001A         SDADC3_IRQHandler
  348 0000001A         COMP_IRQHandler
  349 0000001A         USB_HP_IRQHandler
  350 0000001A         USB_LP_IRQHandler
  351 0000001A         USBWakeUp_IRQHandler
  352 0000001A         TIM19_IRQHandler
  353 0000001A         FPU_IRQHandler
  354 0000001A         
  355 0000001A E7FE            B                .
  356 0000001C         
  357 0000001C                 ENDP
  358 0000001C         
  359 0000001C                 ALIGN
  360 0000001C         
  361 0000001C         ;*******************************************************
                       ************************
  362 0000001C         ; User Stack and Heap initialization
  363 0000001C         ;*******************************************************
                       ************************
  364 0000001C                 IF               :DEF:__MICROLIB
  371 0000001C         
  372 0000001C                 IMPORT           __use_two_region_memory
  373 0000001C                 EXPORT           __user_initial_stackheap
  374 0000001C         
  375 0000001C         __user_initial_stackheap
  376 0000001C         
  377 0000001C 4804            LDR              R0, =  Heap_Mem
  378 0000001E 4905            LDR              R1, =(Stack_Mem + Stack_Size)
  379 00000020 4A05            LDR              R2, = (Heap_Mem +  Heap_Size)
  380 00000022 4B06            LDR              R3, = Stack_Mem
  381 00000024 4770            BX               LR
  382 00000026         
  383 00000026 00 00           ALIGN
  384 00000028         
  385 00000028                 ENDIF



ARM Macro Assembler    Page 10 


  386 00000028         
  387 00000028                 END
              00000000 
              00000000 
              00000000 
              00001000 
              00000200 
              00000000 
<<<<<<< HEAD
Command Line: --debug --xref --diag_suppress=9931 --cpu=Cortex-M4.fp --apcs=int
erwork --depend=tester_f373\startup_stm32f373xc.d -otester_f373\startup_stm32f3
73xc.o -IF:\pprj\max_tester\MDK-ARM\RTE -ID:\Keil_v5\ARM\PACK\ARM\CMSIS\5.6.0\C
MSIS\Core\Include -ID:\Keil_v5\ARM\PACK\Keil\STM32F3xx_DFP\2.2.2\Drivers\CMSIS\
Device\ST\STM32F3xx\Include --predefine="__UVISION_VERSION SETA 515" --predefin
e="_RTE_ SETA 1" --predefine="STM32F373xC SETA 1" --list=startup_stm32f373xc.ls
t startup_stm32f373xc.s
=======
Command Line: --debug --xref --diag_suppress=9931 --cpu=Cortex-M4.fp.sp --apcs=
interwork --depend=tester_f373\startup_stm32f373xc.d -otester_f373\startup_stm3
2f373xc.o -I.\RTE\_tester_f373 -IC:\Users\DingQuan\AppData\Local\Arm\Packs\ARM\
CMSIS\5.8.0\CMSIS\Core\Include -IC:\Users\DingQuan\AppData\Local\Arm\Packs\Keil
\STM32F3xx_DFP\2.2.0\Drivers\CMSIS\Device\ST\STM32F3xx\Include --predefine="__U
VISION_VERSION SETA 536" --predefine="_RTE_ SETA 1" --predefine="STM32F373xC SE
TA 1" --predefine="_RTE_ SETA 1" --list=startup_stm32f373xc.lst startup_stm32f3
73xc.s
>>>>>>> b016ac5b4b5111c44bb4d4d95b5c861d95950986



ARM Macro Assembler    Page 1 Alphabetic symbol ordering
Relocatable symbols

STACK 00000000

Symbol: STACK
   Definitions
      At line 34 in file startup_stm32f373xc.s
   Uses
      None
Comment: STACK unused
Stack_Mem 00000000

Symbol: Stack_Mem
   Definitions
      At line 35 in file startup_stm32f373xc.s
   Uses
      At line 378 in file startup_stm32f373xc.s
      At line 380 in file startup_stm32f373xc.s

__initial_sp 00001000

Symbol: __initial_sp
   Definitions
      At line 36 in file startup_stm32f373xc.s
   Uses
      At line 60 in file startup_stm32f373xc.s
Comment: __initial_sp used once
3 symbols



ARM Macro Assembler    Page 1 Alphabetic symbol ordering
Relocatable symbols

HEAP 00000000

Symbol: HEAP
   Definitions
      At line 45 in file startup_stm32f373xc.s
   Uses
      None
Comment: HEAP unused
Heap_Mem 00000000

Symbol: Heap_Mem
   Definitions
      At line 47 in file startup_stm32f373xc.s
   Uses
      At line 377 in file startup_stm32f373xc.s
      At line 379 in file startup_stm32f373xc.s

__heap_base 00000000

Symbol: __heap_base
   Definitions
      At line 46 in file startup_stm32f373xc.s
   Uses
      None
Comment: __heap_base unused
__heap_limit 00000200

Symbol: __heap_limit
   Definitions
      At line 48 in file startup_stm32f373xc.s
   Uses
      None
Comment: __heap_limit unused
4 symbols



ARM Macro Assembler    Page 1 Alphabetic symbol ordering
Relocatable symbols

RESET 00000000

Symbol: RESET
   Definitions
      At line 55 in file startup_stm32f373xc.s
   Uses
      None
Comment: RESET unused
__Vectors 00000000

Symbol: __Vectors
   Definitions
      At line 60 in file startup_stm32f373xc.s
   Uses
      At line 56 in file startup_stm32f373xc.s
      At line 162 in file startup_stm32f373xc.s

__Vectors_End 00000188

Symbol: __Vectors_End
   Definitions
      At line 160 in file startup_stm32f373xc.s
   Uses
      At line 57 in file startup_stm32f373xc.s
      At line 162 in file startup_stm32f373xc.s

3 symbols



ARM Macro Assembler    Page 1 Alphabetic symbol ordering
Relocatable symbols

.text 00000000

Symbol: .text
   Definitions
      At line 164 in file startup_stm32f373xc.s
   Uses
      None
Comment: .text unused
ADC1_IRQHandler 0000001A

Symbol: ADC1_IRQHandler
   Definitions
      At line 308 in file startup_stm32f373xc.s
   Uses
      At line 96 in file startup_stm32f373xc.s
      At line 242 in file startup_stm32f373xc.s

BusFault_Handler 0000000E

Symbol: BusFault_Handler
   Definitions
      At line 195 in file startup_stm32f373xc.s
   Uses
      At line 65 in file startup_stm32f373xc.s
      At line 196 in file startup_stm32f373xc.s

CAN_RX0_IRQHandler 0000001A

Symbol: CAN_RX0_IRQHandler
   Definitions
      At line 310 in file startup_stm32f373xc.s
   Uses
      At line 98 in file startup_stm32f373xc.s
      At line 244 in file startup_stm32f373xc.s

CAN_RX1_IRQHandler 0000001A

Symbol: CAN_RX1_IRQHandler
   Definitions
      At line 311 in file startup_stm32f373xc.s
   Uses
      At line 99 in file startup_stm32f373xc.s
      At line 245 in file startup_stm32f373xc.s

CAN_SCE_IRQHandler 0000001A

Symbol: CAN_SCE_IRQHandler
   Definitions
      At line 312 in file startup_stm32f373xc.s
   Uses
      At line 100 in file startup_stm32f373xc.s
      At line 246 in file startup_stm32f373xc.s

CAN_TX_IRQHandler 0000001A

Symbol: CAN_TX_IRQHandler
   Definitions
      At line 309 in file startup_stm32f373xc.s
   Uses



ARM Macro Assembler    Page 2 Alphabetic symbol ordering
Relocatable symbols

      At line 97 in file startup_stm32f373xc.s
      At line 243 in file startup_stm32f373xc.s

CEC_IRQHandler 0000001A

Symbol: CEC_IRQHandler
   Definitions
      At line 332 in file startup_stm32f373xc.s
   Uses
      At line 120 in file startup_stm32f373xc.s
      At line 266 in file startup_stm32f373xc.s

COMP_IRQHandler 0000001A

Symbol: COMP_IRQHandler
   Definitions
      At line 348 in file startup_stm32f373xc.s
   Uses
      At line 142 in file startup_stm32f373xc.s
      At line 282 in file startup_stm32f373xc.s

DMA1_Channel1_IRQHandler 0000001A

Symbol: DMA1_Channel1_IRQHandler
   Definitions
      At line 301 in file startup_stm32f373xc.s
   Uses
      At line 89 in file startup_stm32f373xc.s
      At line 235 in file startup_stm32f373xc.s

DMA1_Channel2_IRQHandler 0000001A

Symbol: DMA1_Channel2_IRQHandler
   Definitions
      At line 302 in file startup_stm32f373xc.s
   Uses
      At line 90 in file startup_stm32f373xc.s
      At line 236 in file startup_stm32f373xc.s

DMA1_Channel3_IRQHandler 0000001A

Symbol: DMA1_Channel3_IRQHandler
   Definitions
      At line 303 in file startup_stm32f373xc.s
   Uses
      At line 91 in file startup_stm32f373xc.s
      At line 237 in file startup_stm32f373xc.s

DMA1_Channel4_IRQHandler 0000001A

Symbol: DMA1_Channel4_IRQHandler
   Definitions
      At line 304 in file startup_stm32f373xc.s
   Uses
      At line 92 in file startup_stm32f373xc.s
      At line 238 in file startup_stm32f373xc.s

DMA1_Channel5_IRQHandler 0000001A




ARM Macro Assembler    Page 3 Alphabetic symbol ordering
Relocatable symbols

Symbol: DMA1_Channel5_IRQHandler
   Definitions
      At line 305 in file startup_stm32f373xc.s
   Uses
      At line 93 in file startup_stm32f373xc.s
      At line 239 in file startup_stm32f373xc.s

DMA1_Channel6_IRQHandler 0000001A

Symbol: DMA1_Channel6_IRQHandler
   Definitions
      At line 306 in file startup_stm32f373xc.s
   Uses
      At line 94 in file startup_stm32f373xc.s
      At line 240 in file startup_stm32f373xc.s

DMA1_Channel7_IRQHandler 0000001A

Symbol: DMA1_Channel7_IRQHandler
   Definitions
      At line 307 in file startup_stm32f373xc.s
   Uses
      At line 95 in file startup_stm32f373xc.s
      At line 241 in file startup_stm32f373xc.s

DMA2_Channel1_IRQHandler 0000001A

Symbol: DMA2_Channel1_IRQHandler
   Definitions
      At line 340 in file startup_stm32f373xc.s
   Uses
      At line 134 in file startup_stm32f373xc.s
      At line 274 in file startup_stm32f373xc.s

DMA2_Channel2_IRQHandler 0000001A

Symbol: DMA2_Channel2_IRQHandler
   Definitions
      At line 341 in file startup_stm32f373xc.s
   Uses
      At line 135 in file startup_stm32f373xc.s
      At line 275 in file startup_stm32f373xc.s

DMA2_Channel3_IRQHandler 0000001A

Symbol: DMA2_Channel3_IRQHandler
   Definitions
      At line 342 in file startup_stm32f373xc.s
   Uses
      At line 136 in file startup_stm32f373xc.s
      At line 276 in file startup_stm32f373xc.s

DMA2_Channel4_IRQHandler 0000001A

Symbol: DMA2_Channel4_IRQHandler
   Definitions
      At line 343 in file startup_stm32f373xc.s
   Uses
      At line 137 in file startup_stm32f373xc.s



ARM Macro Assembler    Page 4 Alphabetic symbol ordering
Relocatable symbols

      At line 277 in file startup_stm32f373xc.s

DMA2_Channel5_IRQHandler 0000001A

Symbol: DMA2_Channel5_IRQHandler
   Definitions
      At line 344 in file startup_stm32f373xc.s
   Uses
      At line 138 in file startup_stm32f373xc.s
      At line 278 in file startup_stm32f373xc.s

DebugMon_Handler 00000014

Symbol: DebugMon_Handler
   Definitions
      At line 209 in file startup_stm32f373xc.s
   Uses
      At line 72 in file startup_stm32f373xc.s
      At line 210 in file startup_stm32f373xc.s

Default_Handler 0000001A

Symbol: Default_Handler
   Definitions
      At line 222 in file startup_stm32f373xc.s
   Uses
      None
Comment: Default_Handler unused
EXTI0_IRQHandler 0000001A

Symbol: EXTI0_IRQHandler
   Definitions
      At line 296 in file startup_stm32f373xc.s
   Uses
      At line 84 in file startup_stm32f373xc.s
      At line 230 in file startup_stm32f373xc.s

EXTI15_10_IRQHandler 0000001A

Symbol: EXTI15_10_IRQHandler
   Definitions
      At line 330 in file startup_stm32f373xc.s
   Uses
      At line 118 in file startup_stm32f373xc.s
      At line 264 in file startup_stm32f373xc.s

EXTI1_IRQHandler 0000001A

Symbol: EXTI1_IRQHandler
   Definitions
      At line 297 in file startup_stm32f373xc.s
   Uses
      At line 85 in file startup_stm32f373xc.s
      At line 231 in file startup_stm32f373xc.s

EXTI2_TSC_IRQHandler 0000001A

Symbol: EXTI2_TSC_IRQHandler
   Definitions



ARM Macro Assembler    Page 5 Alphabetic symbol ordering
Relocatable symbols

      At line 298 in file startup_stm32f373xc.s
   Uses
      At line 86 in file startup_stm32f373xc.s
      At line 232 in file startup_stm32f373xc.s

EXTI3_IRQHandler 0000001A

Symbol: EXTI3_IRQHandler
   Definitions
      At line 299 in file startup_stm32f373xc.s
   Uses
      At line 87 in file startup_stm32f373xc.s
      At line 233 in file startup_stm32f373xc.s

EXTI4_IRQHandler 0000001A

Symbol: EXTI4_IRQHandler
   Definitions
      At line 300 in file startup_stm32f373xc.s
   Uses
      At line 88 in file startup_stm32f373xc.s
      At line 234 in file startup_stm32f373xc.s

EXTI9_5_IRQHandler 0000001A

Symbol: EXTI9_5_IRQHandler
   Definitions
      At line 313 in file startup_stm32f373xc.s
   Uses
      At line 101 in file startup_stm32f373xc.s
      At line 247 in file startup_stm32f373xc.s

FLASH_IRQHandler 0000001A

Symbol: FLASH_IRQHandler
   Definitions
      At line 294 in file startup_stm32f373xc.s
   Uses
      At line 82 in file startup_stm32f373xc.s
      At line 228 in file startup_stm32f373xc.s

FPU_IRQHandler 0000001A

Symbol: FPU_IRQHandler
   Definitions
      At line 353 in file startup_stm32f373xc.s
   Uses
      At line 159 in file startup_stm32f373xc.s
      At line 287 in file startup_stm32f373xc.s

HardFault_Handler 0000000A

Symbol: HardFault_Handler
   Definitions
      At line 185 in file startup_stm32f373xc.s
   Uses
      At line 63 in file startup_stm32f373xc.s
      At line 186 in file startup_stm32f373xc.s




ARM Macro Assembler    Page 6 Alphabetic symbol ordering
Relocatable symbols

I2C1_ER_IRQHandler 0000001A

Symbol: I2C1_ER_IRQHandler
   Definitions
      At line 322 in file startup_stm32f373xc.s
   Uses
      At line 110 in file startup_stm32f373xc.s
      At line 256 in file startup_stm32f373xc.s

I2C1_EV_IRQHandler 0000001A

Symbol: I2C1_EV_IRQHandler
   Definitions
      At line 321 in file startup_stm32f373xc.s
   Uses
      At line 109 in file startup_stm32f373xc.s
      At line 255 in file startup_stm32f373xc.s

I2C2_ER_IRQHandler 0000001A

Symbol: I2C2_ER_IRQHandler
   Definitions
      At line 324 in file startup_stm32f373xc.s
   Uses
      At line 112 in file startup_stm32f373xc.s
      At line 258 in file startup_stm32f373xc.s

I2C2_EV_IRQHandler 0000001A

Symbol: I2C2_EV_IRQHandler
   Definitions
      At line 323 in file startup_stm32f373xc.s
   Uses
      At line 111 in file startup_stm32f373xc.s
      At line 257 in file startup_stm32f373xc.s

MemManage_Handler 0000000C

Symbol: MemManage_Handler
   Definitions
      At line 190 in file startup_stm32f373xc.s
   Uses
      At line 64 in file startup_stm32f373xc.s
      At line 191 in file startup_stm32f373xc.s

NMI_Handler 00000008

Symbol: NMI_Handler
   Definitions
      At line 180 in file startup_stm32f373xc.s
   Uses
      At line 62 in file startup_stm32f373xc.s
      At line 181 in file startup_stm32f373xc.s

PVD_IRQHandler 0000001A

Symbol: PVD_IRQHandler
   Definitions
      At line 291 in file startup_stm32f373xc.s



ARM Macro Assembler    Page 7 Alphabetic symbol ordering
Relocatable symbols

   Uses
      At line 79 in file startup_stm32f373xc.s
      At line 225 in file startup_stm32f373xc.s

PendSV_Handler 00000016

Symbol: PendSV_Handler
   Definitions
      At line 213 in file startup_stm32f373xc.s
   Uses
      At line 74 in file startup_stm32f373xc.s
      At line 214 in file startup_stm32f373xc.s

RCC_IRQHandler 0000001A

Symbol: RCC_IRQHandler
   Definitions
      At line 295 in file startup_stm32f373xc.s
   Uses
      At line 83 in file startup_stm32f373xc.s
      At line 229 in file startup_stm32f373xc.s

RTC_Alarm_IRQHandler 0000001A

Symbol: RTC_Alarm_IRQHandler
   Definitions
      At line 331 in file startup_stm32f373xc.s
   Uses
      At line 119 in file startup_stm32f373xc.s
      At line 265 in file startup_stm32f373xc.s

RTC_WKUP_IRQHandler 0000001A

Symbol: RTC_WKUP_IRQHandler
   Definitions
      At line 293 in file startup_stm32f373xc.s
   Uses
      At line 81 in file startup_stm32f373xc.s
      At line 227 in file startup_stm32f373xc.s

Reset_Handler 00000000

Symbol: Reset_Handler
   Definitions
      At line 167 in file startup_stm32f373xc.s
   Uses
      At line 61 in file startup_stm32f373xc.s
      At line 168 in file startup_stm32f373xc.s

SDADC1_IRQHandler 0000001A

Symbol: SDADC1_IRQHandler
   Definitions
      At line 345 in file startup_stm32f373xc.s
   Uses
      At line 139 in file startup_stm32f373xc.s
      At line 279 in file startup_stm32f373xc.s

SDADC2_IRQHandler 0000001A



ARM Macro Assembler    Page 8 Alphabetic symbol ordering
Relocatable symbols


Symbol: SDADC2_IRQHandler
   Definitions
      At line 346 in file startup_stm32f373xc.s
   Uses
      At line 140 in file startup_stm32f373xc.s
      At line 280 in file startup_stm32f373xc.s

SDADC3_IRQHandler 0000001A

Symbol: SDADC3_IRQHandler
   Definitions
      At line 347 in file startup_stm32f373xc.s
   Uses
      At line 141 in file startup_stm32f373xc.s
      At line 281 in file startup_stm32f373xc.s

SPI1_IRQHandler 0000001A

Symbol: SPI1_IRQHandler
   Definitions
      At line 325 in file startup_stm32f373xc.s
   Uses
      At line 113 in file startup_stm32f373xc.s
      At line 259 in file startup_stm32f373xc.s

SPI2_IRQHandler 0000001A

Symbol: SPI2_IRQHandler
   Definitions
      At line 326 in file startup_stm32f373xc.s
   Uses
      At line 114 in file startup_stm32f373xc.s
      At line 260 in file startup_stm32f373xc.s

SPI3_IRQHandler 0000001A

Symbol: SPI3_IRQHandler
   Definitions
      At line 337 in file startup_stm32f373xc.s
   Uses
      At line 129 in file startup_stm32f373xc.s
      At line 271 in file startup_stm32f373xc.s

SVC_Handler 00000012

Symbol: SVC_Handler
   Definitions
      At line 204 in file startup_stm32f373xc.s
   Uses
      At line 71 in file startup_stm32f373xc.s
      At line 205 in file startup_stm32f373xc.s

SysTick_Handler 00000018

Symbol: SysTick_Handler
   Definitions
      At line 217 in file startup_stm32f373xc.s
   Uses



ARM Macro Assembler    Page 9 Alphabetic symbol ordering
Relocatable symbols

      At line 75 in file startup_stm32f373xc.s
      At line 218 in file startup_stm32f373xc.s

TAMP_STAMP_IRQHandler 0000001A

Symbol: TAMP_STAMP_IRQHandler
   Definitions
      At line 292 in file startup_stm32f373xc.s
   Uses
      At line 80 in file startup_stm32f373xc.s
      At line 226 in file startup_stm32f373xc.s

TIM12_IRQHandler 0000001A

Symbol: TIM12_IRQHandler
   Definitions
      At line 333 in file startup_stm32f373xc.s
   Uses
      At line 121 in file startup_stm32f373xc.s
      At line 267 in file startup_stm32f373xc.s

TIM13_IRQHandler 0000001A

Symbol: TIM13_IRQHandler
   Definitions
      At line 334 in file startup_stm32f373xc.s
   Uses
      At line 122 in file startup_stm32f373xc.s
      At line 268 in file startup_stm32f373xc.s

TIM14_IRQHandler 0000001A

Symbol: TIM14_IRQHandler
   Definitions
      At line 335 in file startup_stm32f373xc.s
   Uses
      At line 123 in file startup_stm32f373xc.s
      At line 269 in file startup_stm32f373xc.s

TIM15_IRQHandler 0000001A

Symbol: TIM15_IRQHandler
   Definitions
      At line 314 in file startup_stm32f373xc.s
   Uses
      At line 102 in file startup_stm32f373xc.s
      At line 248 in file startup_stm32f373xc.s

TIM16_IRQHandler 0000001A

Symbol: TIM16_IRQHandler
   Definitions
      At line 315 in file startup_stm32f373xc.s
   Uses
      At line 103 in file startup_stm32f373xc.s
      At line 249 in file startup_stm32f373xc.s

TIM17_IRQHandler 0000001A




ARM Macro Assembler    Page 10 Alphabetic symbol ordering
Relocatable symbols

Symbol: TIM17_IRQHandler
   Definitions
      At line 316 in file startup_stm32f373xc.s
   Uses
      At line 104 in file startup_stm32f373xc.s
      At line 250 in file startup_stm32f373xc.s

TIM18_DAC2_IRQHandler 0000001A

Symbol: TIM18_DAC2_IRQHandler
   Definitions
      At line 317 in file startup_stm32f373xc.s
   Uses
      At line 105 in file startup_stm32f373xc.s
      At line 251 in file startup_stm32f373xc.s

TIM19_IRQHandler 0000001A

Symbol: TIM19_IRQHandler
   Definitions
      At line 352 in file startup_stm32f373xc.s
   Uses
      At line 156 in file startup_stm32f373xc.s
      At line 286 in file startup_stm32f373xc.s

TIM2_IRQHandler 0000001A

Symbol: TIM2_IRQHandler
   Definitions
      At line 318 in file startup_stm32f373xc.s
   Uses
      At line 106 in file startup_stm32f373xc.s
      At line 252 in file startup_stm32f373xc.s

TIM3_IRQHandler 0000001A

Symbol: TIM3_IRQHandler
   Definitions
      At line 319 in file startup_stm32f373xc.s
   Uses
      At line 107 in file startup_stm32f373xc.s
      At line 253 in file startup_stm32f373xc.s

TIM4_IRQHandler 0000001A

Symbol: TIM4_IRQHandler
   Definitions
      At line 320 in file startup_stm32f373xc.s
   Uses
      At line 108 in file startup_stm32f373xc.s
      At line 254 in file startup_stm32f373xc.s

TIM5_IRQHandler 0000001A

Symbol: TIM5_IRQHandler
   Definitions
      At line 336 in file startup_stm32f373xc.s
   Uses
      At line 128 in file startup_stm32f373xc.s



ARM Macro Assembler    Page 11 Alphabetic symbol ordering
Relocatable symbols

      At line 270 in file startup_stm32f373xc.s

TIM6_DAC1_IRQHandler 0000001A

Symbol: TIM6_DAC1_IRQHandler
   Definitions
      At line 338 in file startup_stm32f373xc.s
   Uses
      At line 132 in file startup_stm32f373xc.s
      At line 272 in file startup_stm32f373xc.s

TIM7_IRQHandler 0000001A

Symbol: TIM7_IRQHandler
   Definitions
      At line 339 in file startup_stm32f373xc.s
   Uses
      At line 133 in file startup_stm32f373xc.s
      At line 273 in file startup_stm32f373xc.s

USART1_IRQHandler 0000001A

Symbol: USART1_IRQHandler
   Definitions
      At line 327 in file startup_stm32f373xc.s
   Uses
      At line 115 in file startup_stm32f373xc.s
      At line 261 in file startup_stm32f373xc.s

USART2_IRQHandler 0000001A

Symbol: USART2_IRQHandler
   Definitions
      At line 328 in file startup_stm32f373xc.s
   Uses
      At line 116 in file startup_stm32f373xc.s
      At line 262 in file startup_stm32f373xc.s

USART3_IRQHandler 0000001A

Symbol: USART3_IRQHandler
   Definitions
      At line 329 in file startup_stm32f373xc.s
   Uses
      At line 117 in file startup_stm32f373xc.s
      At line 263 in file startup_stm32f373xc.s

USBWakeUp_IRQHandler 0000001A

Symbol: USBWakeUp_IRQHandler
   Definitions
      At line 351 in file startup_stm32f373xc.s
   Uses
      At line 154 in file startup_stm32f373xc.s
      At line 285 in file startup_stm32f373xc.s

USB_HP_IRQHandler 0000001A

Symbol: USB_HP_IRQHandler



ARM Macro Assembler    Page 12 Alphabetic symbol ordering
Relocatable symbols

   Definitions
      At line 349 in file startup_stm32f373xc.s
   Uses
      At line 152 in file startup_stm32f373xc.s
      At line 283 in file startup_stm32f373xc.s

USB_LP_IRQHandler 0000001A

Symbol: USB_LP_IRQHandler
   Definitions
      At line 350 in file startup_stm32f373xc.s
   Uses
      At line 153 in file startup_stm32f373xc.s
      At line 284 in file startup_stm32f373xc.s

UsageFault_Handler 00000010

Symbol: UsageFault_Handler
   Definitions
      At line 200 in file startup_stm32f373xc.s
   Uses
      At line 66 in file startup_stm32f373xc.s
      At line 201 in file startup_stm32f373xc.s

WWDG_IRQHandler 0000001A

Symbol: WWDG_IRQHandler
   Definitions
      At line 290 in file startup_stm32f373xc.s
   Uses
      At line 78 in file startup_stm32f373xc.s
      At line 224 in file startup_stm32f373xc.s

__user_initial_stackheap 0000001C

Symbol: __user_initial_stackheap
   Definitions
      At line 375 in file startup_stm32f373xc.s
   Uses
      At line 373 in file startup_stm32f373xc.s
Comment: __user_initial_stackheap used once
77 symbols



ARM Macro Assembler    Page 1 Alphabetic symbol ordering
Absolute symbols

Heap_Size 00000200

Symbol: Heap_Size
   Definitions
      At line 43 in file startup_stm32f373xc.s
   Uses
      At line 47 in file startup_stm32f373xc.s
      At line 379 in file startup_stm32f373xc.s

Stack_Size 00001000

Symbol: Stack_Size
   Definitions
      At line 32 in file startup_stm32f373xc.s
   Uses
      At line 35 in file startup_stm32f373xc.s
      At line 378 in file startup_stm32f373xc.s

__Vectors_Size 00000188

Symbol: __Vectors_Size
   Definitions
      At line 162 in file startup_stm32f373xc.s
   Uses
      At line 58 in file startup_stm32f373xc.s
Comment: __Vectors_Size used once
3 symbols



ARM Macro Assembler    Page 1 Alphabetic symbol ordering
External symbols

SystemInit 00000000

Symbol: SystemInit
   Definitions
      At line 169 in file startup_stm32f373xc.s
   Uses
      At line 172 in file startup_stm32f373xc.s
Comment: SystemInit used once
__main 00000000

Symbol: __main
   Definitions
      At line 170 in file startup_stm32f373xc.s
   Uses
      At line 174 in file startup_stm32f373xc.s
Comment: __main used once
__use_two_region_memory 00000000

Symbol: __use_two_region_memory
   Definitions
      At line 372 in file startup_stm32f373xc.s
   Uses
      None
Comment: __use_two_region_memory unused
3 symbols
431 symbols in table
